This file contains any messages produced by compilers while
running configure, to aid debugging if configure makes a mistake.

It was created by zeromq configure 4.0.4, which was
generated by GNU Autoconf 2.68.  Invocation command line was

  $ ./configure --disable-dependency-tracking --enable-static --disable-shared --host=arm-apple-darwin --prefix=/Users/martin/projects/unleashed/driverZaid/libs/zeromq-4.0.4/build

## --------- ##
## Platform. ##
## --------- ##

hostname = Mobook.local
uname -m = x86_64
uname -r = 13.2.0
uname -s = Darwin
uname -v = Darwin Kernel Version 13.2.0: Thu Apr 17 23:03:13 PDT 2014; root:xnu-2422.100.13~1/RELEASE_X86_64

/usr/bin/uname -p = i386
/bin/uname -X     = unknown

/bin/arch              = unknown
/usr/bin/arch -k       = unknown
/usr/convex/getsysinfo = unknown
/usr/bin/hostinfo      = Mach kernel version:
	 Darwin Kernel Version 13.2.0: Thu Apr 17 23:03:13 PDT 2014; root:xnu-2422.100.13~1/RELEASE_X86_64
Kernel configured for up to 8 processors.
4 processors are physically available.
8 processors are logically available.
Processor type: i486 (Intel 80486)
Processors active: 0 1 2 3 4 5 6 7
Primary memory available: 8.00 gigabytes
Default processor set: 314 tasks, 1514 threads, 8 processors
Load average: 1.11, Mach factor: 6.87
/bin/machine           = unknown
/usr/bin/oslevel       = unknown
/bin/universe          = unknown

PATH: /opt/local/bin
PATH: /opt/local/sbin
PATH: /usr/local/go/bin
PATH: /Library/Frameworks/Python.framework/Versions/2.7/bin
PATH: /Users/martin/go/bin
PATH: /opt/local/bin
PATH: /opt/local/sbin
PATH: /Library/Frameworks/Python.framework/Versions/2.6/bin
PATH: /Applications/Aqsis/Aqsis.app/Contents/MacOS
PATH: /usr/local/heroku/bin
PATH: /usr/local/groovy/bin
PATH: /usr/local/grails/bin
PATH: /usr/local/JacORB/bin
PATH: /Users/martin/bin
PATH: /usr/local/bin
PATH: /usr/local/sbin
PATH: /usr/local/git/bin
PATH: /usr/local/mysql/bin
PATH: /usr/X11/bin
PATH: /usr/local/texlive/2011/bin/universal-darwin
PATH: /opt/local/bin/
PATH: /opt/local/sbin
PATH: /usr/bin
PATH: /usr/sbin
PATH: /bin
PATH: /sbin
PATH: /usr/local/CrossPack-AVR/bin/
PATH: /Users/martin/.rvm/bin


## ----------- ##
## Core tests. ##
## ----------- ##

configure:2750: checking for a BSD-compatible install
configure:2818: result: /usr/bin/install -c
configure:2829: checking whether build environment is sane
configure:2879: result: yes
configure:2928: checking for arm-apple-darwin-strip
configure:2955: result: /usr/bin/strip
configure:3020: checking for a thread-safe mkdir -p
configure:3059: result: config/install-sh -c -d
configure:3072: checking for gawk
configure:3102: result: no
configure:3072: checking for mawk
configure:3102: result: no
configure:3072: checking for nawk
configure:3102: result: no
configure:3072: checking for awk
configure:3088: found /usr/bin/awk
configure:3099: result: awk
configure:3110: checking whether make sets $(MAKE)
configure:3132: result: yes
configure:3207: checking how to create a ustar tar archive
configure:3220: tar --version
bsdtar 2.8.3 - libarchive 2.8.3
configure:3223: $? = 0
configure:3263: tardir=conftest.dir && eval tar --format=ustar -chf - "$tardir" >conftest.tar
configure:3266: $? = 0
configure:3270: tar -xf - <conftest.tar
configure:3273: $? = 0
configure:3286: result: gnutar
configure:3304: checking whether make supports nested variables
configure:3321: result: yes
configure:3368: checking for arm-apple-darwin-gcc
configure:3395: result: /usr/bin/clang
configure:3664: checking for C compiler version
configure:3673: /usr/bin/clang --version >&5
Apple LLVM version 5.1 (clang-503.0.40) (based on LLVM 3.4svn)
Target: x86_64-apple-darwin13.2.0
Thread model: posix
configure:3684: $? = 0
configure:3673: /usr/bin/clang -v >&5
Apple LLVM version 5.1 (clang-503.0.40) (based on LLVM 3.4svn)
Target: x86_64-apple-darwin13.2.0
Thread model: posix
configure:3684: $? = 0
configure:3673: /usr/bin/clang -V >&5
clang: error: argument to '-V' is missing (expected 1 value)
clang: error: no input files
configure:3684: $? = 1
configure:3673: /usr/bin/clang -qversion >&5
clang: error: unknown argument: '-qversion' [-Wunused-command-line-argument-hard-error-in-future]
clang: note: this will be a hard error (cannot be downgraded to a warning) in the future
clang: error: no input files
configure:3684: $? = 1
configure:3704: checking whether the C compiler works
configure:3726: /usr/bin/clang -arch armv7 -pipe -no-cpp-precomp   -lstdc++ -arch armv7 conftest.c  >&5
ld: library not found for -lcrt1.3.1.o
clang: error: linker command failed with exit code 1 (use -v to see invocation)
configure:3730: $? = 1
configure:3768: result: no
configure: failed program was:
| /* confdefs.h */
| #define PACKAGE_NAME "zeromq"
| #define PACKAGE_TARNAME "zeromq"
| #define PACKAGE_VERSION "4.0.4"
| #define PACKAGE_STRING "zeromq 4.0.4"
| #define PACKAGE_BUGREPORT "zeromq-dev@lists.zeromq.org"
| #define PACKAGE_URL ""
| #define PACKAGE "zeromq"
| #define VERSION "4.0.4"
| /* end confdefs.h.  */
| 
| int
| main ()
| {
| 
|   ;
|   return 0;
| }
configure:3773: error: in `/Users/martin/projects/unleashed/driverZaid/libs/zeromq-4.0.4':
configure:3775: error: C compiler cannot create executables
See `config.log' for more details

## ---------------- ##
## Cache variables. ##
## ---------------- ##

ac_cv_env_ASCIIDOC_set=
ac_cv_env_ASCIIDOC_value=
ac_cv_env_CCC_set=
ac_cv_env_CCC_value=
ac_cv_env_CC_set=set
ac_cv_env_CC_value=/usr/bin/clang
ac_cv_env_CFLAGS_set=set
ac_cv_env_CFLAGS_value='-arch armv7 -pipe -no-cpp-precomp '
ac_cv_env_CPPFLAGS_set=
ac_cv_env_CPPFLAGS_value=
ac_cv_env_CPP_set=set
ac_cv_env_CPP_value=cpp
ac_cv_env_CXXCPP_set=set
ac_cv_env_CXXCPP_value=cpp
ac_cv_env_CXXFLAGS_set=
ac_cv_env_CXXFLAGS_value=
ac_cv_env_CXX_set=set
ac_cv_env_CXX_value=/usr/bin/clang
ac_cv_env_LDFLAGS_set=set
ac_cv_env_LDFLAGS_value='-lstdc++ -arch armv7'
ac_cv_env_LIBS_set=
ac_cv_env_LIBS_value=
ac_cv_env_OpenPGM_CFLAGS_set=
ac_cv_env_OpenPGM_CFLAGS_value=
ac_cv_env_OpenPGM_LIBS_set=
ac_cv_env_OpenPGM_LIBS_value=
ac_cv_env_PKG_CONFIG_LIBDIR_set=
ac_cv_env_PKG_CONFIG_LIBDIR_value=
ac_cv_env_PKG_CONFIG_PATH_set=
ac_cv_env_PKG_CONFIG_PATH_value=
ac_cv_env_PKG_CONFIG_set=
ac_cv_env_PKG_CONFIG_value=
ac_cv_env_XMLTO_set=
ac_cv_env_XMLTO_value=
ac_cv_env_build_alias_set=
ac_cv_env_build_alias_value=
ac_cv_env_host_alias_set=set
ac_cv_env_host_alias_value=arm-apple-darwin
ac_cv_env_target_alias_set=
ac_cv_env_target_alias_value=
ac_cv_path_install='/usr/bin/install -c'
ac_cv_prog_AWK=awk
ac_cv_prog_CC=/usr/bin/clang
ac_cv_prog_STRIP=/usr/bin/strip
ac_cv_prog_make_make_set=yes
am_cv_make_support_nested_variables=yes
am_cv_prog_tar_ustar=gnutar

## ----------------- ##
## Output variables. ##
## ----------------- ##

ACLOCAL='${SHELL} /Users/martin/projects/unleashed/driverZaid/libs/zeromq-4.0.4/config/missing --run aclocal-1.11'
AMDEPBACKSLASH=''
AMDEP_FALSE=''
AMDEP_TRUE=''
AMTAR='$${TAR-tar}'
AM_BACKSLASH='\'
AM_DEFAULT_V='$(AM_DEFAULT_VERBOSITY)'
AM_DEFAULT_VERBOSITY='0'
AM_V='$(V)'
AR='/usr/bin/ar'
AS='/usr/bin/as'
ASCIIDOC=''
AUTOCONF='${SHELL} /Users/martin/projects/unleashed/driverZaid/libs/zeromq-4.0.4/config/missing --run autoconf'
AUTOHEADER='${SHELL} /Users/martin/projects/unleashed/driverZaid/libs/zeromq-4.0.4/config/missing --run autoheader'
AUTOMAKE='${SHELL} /Users/martin/projects/unleashed/driverZaid/libs/zeromq-4.0.4/config/missing --run automake-1.11'
AWK='awk'
BUILD_DOC_FALSE=''
BUILD_DOC_TRUE=''
BUILD_PGM_FALSE=''
BUILD_PGM_TRUE=''
CC='/usr/bin/clang'
CCDEPMODE=''
CFLAGS='-arch armv7 -pipe -no-cpp-precomp '
CPP='cpp'
CPPFLAGS=''
CXX='/usr/bin/clang'
CXXCPP='cpp'
CXXDEPMODE=''
CXXFLAGS=''
CYGPATH_W='echo'
DEFS=''
DEPDIR=''
DLLTOOL=''
DSYMUTIL=''
DUMPBIN=''
ECHO_C='\c'
ECHO_N=''
ECHO_T=''
EGREP=''
EXEEXT=''
FGREP=''
GREP=''
INSTALL_DATA='${INSTALL} -m 644'
INSTALL_MAN_FALSE=''
INSTALL_MAN_TRUE=''
INSTALL_PROGRAM='${INSTALL}'
INSTALL_SCRIPT='${INSTALL}'
INSTALL_STRIP_PROGRAM='$(install_sh) -c -s'
LD='/usr/bin/ld'
LDFLAGS='-lstdc++ -arch armv7'
LIBOBJS=''
LIBS=''
LIBTOOL='/usr/bin/libtool'
LIBZMQ_EXTRA_CFLAGS=''
LIBZMQ_EXTRA_CXXFLAGS=''
LIBZMQ_EXTRA_LDFLAGS=''
LIPO=''
LN_S=''
LTLIBOBJS=''
LTVER='4:0:1'
MAKEINFO='${SHELL} /Users/martin/projects/unleashed/driverZaid/libs/zeromq-4.0.4/config/missing --run makeinfo'
MANIFEST_TOOL=''
MKDIR_P='config/install-sh -c -d'
NM=''
NMEDIT=''
OBJDUMP=''
OBJEXT=''
ON_ANDROID_FALSE=''
ON_ANDROID_TRUE=''
ON_LINUX_FALSE=''
ON_LINUX_TRUE=''
ON_MINGW_FALSE=''
ON_MINGW_TRUE=''
OTOOL64=''
OTOOL=''
OpenPGM_CFLAGS=''
OpenPGM_LIBS=''
PACKAGE='zeromq'
PACKAGE_BUGREPORT='zeromq-dev@lists.zeromq.org'
PACKAGE_NAME='zeromq'
PACKAGE_STRING='zeromq 4.0.4'
PACKAGE_TARNAME='zeromq'
PACKAGE_URL=''
PACKAGE_VERSION='4.0.4'
PATH_SEPARATOR=':'
PKG_CONFIG=''
PKG_CONFIG_LIBDIR=''
PKG_CONFIG_PATH=''
RANLIB='/usr/bin/ranlib'
SED=''
SET_MAKE=''
SHELL='/bin/sh'
STRIP='/usr/bin/strip'
VERSION='4.0.4'
XMLTO=''
ac_ct_AR=''
ac_ct_CC=''
ac_ct_CXX=''
ac_ct_DUMPBIN=''
am__EXEEXT_FALSE=''
am__EXEEXT_TRUE=''
am__fastdepCC_FALSE=''
am__fastdepCC_TRUE=''
am__fastdepCXX_FALSE=''
am__fastdepCXX_TRUE=''
am__include=''
am__isrc=''
am__leading_dot='.'
am__nodep=''
am__quote=''
am__tar='tar --format=ustar -chf - "$$tardir"'
am__untar='tar -xf -'
bindir='${exec_prefix}/bin'
build=''
build_alias=''
build_cpu=''
build_os=''
build_vendor=''
datadir='${datarootdir}'
datarootdir='${prefix}/share'
docdir='${datarootdir}/doc/${PACKAGE_TARNAME}'
dvidir='${docdir}'
exec_prefix='NONE'
host='arm-apple-darwin'
host_alias='arm-apple-darwin'
host_cpu=''
host_os=''
host_vendor=''
htmldir='${docdir}'
includedir='${prefix}/include'
infodir='${datarootdir}/info'
install_sh='${SHELL} /Users/martin/projects/unleashed/driverZaid/libs/zeromq-4.0.4/config/install-sh'
libdir='${exec_prefix}/lib'
libexecdir='${exec_prefix}/libexec'
libzmq_have_asciidoc=''
libzmq_have_xmlto=''
localedir='${datarootdir}/locale'
localstatedir='${prefix}/var'
mandir='${datarootdir}/man'
mkdir_p='$(top_builddir)/config/install-sh -c -d'
oldincludedir='/usr/include'
pdfdir='${docdir}'
pgm_basename=''
pgm_srcdir=''
pgm_subdir=''
prefix='/Users/martin/projects/unleashed/driverZaid/libs/zeromq-4.0.4/build'
program_transform_name='s,x,x,'
psdir='${docdir}'
sbindir='${exec_prefix}/sbin'
sharedstatedir='${prefix}/com'
subdirs=''
sysconfdir='${prefix}/etc'
target_alias=''

## ----------- ##
## confdefs.h. ##
## ----------- ##

/* confdefs.h */
#define PACKAGE_NAME "zeromq"
#define PACKAGE_TARNAME "zeromq"
#define PACKAGE_VERSION "4.0.4"
#define PACKAGE_STRING "zeromq 4.0.4"
#define PACKAGE_BUGREPORT "zeromq-dev@lists.zeromq.org"
#define PACKAGE_URL ""
#define PACKAGE "zeromq"
#define VERSION "4.0.4"

configure: exit 77
